1624141495248	geckodriver	INFO	Listening on 127.0.0.1:51546
1624141498356	mozrunner::runner	INFO	Running command: "C:\\Program Files (x86)\\Mozilla Firefox\\firefox.exe" "--marionette" "-foreground" "-no-remote" "-profile" "C:\\Users\\admin\\AppData\\Local\\Temp\\rust_mozprofilefFSMYO"
1624141498937	Marionette	INFO	Marionette enabled
console.warn: SearchSettings: "get: No settings file exists, new profile?" (new NotFoundError("Could not open the file at C:\\Users\\admin\\AppData\\Local\\Temp\\rust_mozprofilefFSMYO\\search.json.mozlz4", (void 0)))
1624141501140	Marionette	INFO	Listening on port 51554
1624141501572	Marionette	WARN	TLS certificate errors will be ignored for this session
1624141504365	Marionette	INFO	Stopped listening on port 51554

###!!! [Child][RunMessage] Error: Channel closing: too late to send/recv, messages will be lost

1624142523470	geckodriver	INFO	Listening on 127.0.0.1:56964
1624142526541	mozrunner::runner	INFO	Running command: "C:\\Program Files (x86)\\Mozilla Firefox\\firefox.exe" "--marionette" "-foreground" "-no-remote" "-profile" "C:\\Users\\admin\\AppData\\Local\\Temp\\rust_mozprofiled56j4w"
1624142527156	Marionette	INFO	Marionette enabled
console.warn: SearchSettings: "get: No settings file exists, new profile?" (new NotFoundError("Could not open the file at C:\\Users\\admin\\AppData\\Local\\Temp\\rust_mozprofiled56j4w\\search.json.mozlz4", (void 0)))
1624142529363	Marionette	INFO	Listening on port 56972
1624142529743	Marionette	WARN	TLS certificate errors will be ignored for this session
1624142532349	Marionette	INFO	Stopped listening on port 56972
1624142757685	geckodriver	INFO	Listening on 127.0.0.1:57042
1624142760801	mozrunner::runner	INFO	Running command: "C:\\Program Files (x86)\\Mozilla Firefox\\firefox.exe" "--marionette" "-foreground" "-no-remote" "-profile" "C:\\Users\\admin\\AppData\\Local\\Temp\\rust_mozprofile1KR6gD"
1624142761417	Marionette	INFO	Marionette enabled
console.warn: SearchSettings: "get: No settings file exists, new profile?" (new NotFoundError("Could not open the file at C:\\Users\\admin\\AppData\\Local\\Temp\\rust_mozprofile1KR6gD\\search.json.mozlz4", (void 0)))
1624142763625	Marionette	INFO	Listening on port 57050
1624142764025	Marionette	WARN	TLS certificate errors will be ignored for this session
1624142766728	Marionette	INFO	Stopped listening on port 57050

###!!! [Child][RunMessage] Error: Channel closing: too late to send/recv, messages will be lost

1624143888752	geckodriver	INFO	Listening on 127.0.0.1:57003
1624143891855	mozrunner::runner	INFO	Running command: "C:\\Program Files (x86)\\Mozilla Firefox\\firefox.exe" "--marionette" "-foreground" "-no-remote" "-profile" "C:\\Users\\admin\\AppData\\Local\\Temp\\rust_mozprofilebGlCmT"
1624143892660	Marionette	INFO	Marionette enabled
console.warn: SearchSettings: "get: No settings file exists, new profile?" (new NotFoundError("Could not open the file at C:\\Users\\admin\\AppData\\Local\\Temp\\rust_mozprofilebGlCmT\\search.json.mozlz4", (void 0)))
1624143895085	Marionette	INFO	Listening on port 57011
1624143895560	Marionette	WARN	TLS certificate errors will be ignored for this session
1624143908693	Marionette	INFO	Stopped listening on port 57011

###!!! [Child][RunMessage] Error: Channel closing: too late to send/recv, messages will be lost

1624306757787	geckodriver	INFO	Listening on 127.0.0.1:51182
1624306760882	mozrunner::runner	INFO	Running command: "C:\\Program Files (x86)\\Mozilla Firefox\\firefox.exe" "--marionette" "-foreground" "-no-remote" "-profile" "C:\\Users\\admin\\AppData\\Local\\Temp\\rust_mozprofileFWxWGl"
1624306761480	Marionette	INFO	Marionette enabled
console.warn: SearchSettings: "get: No settings file exists, new profile?" (new NotFoundError("Could not open the file at C:\\Users\\admin\\AppData\\Local\\Temp\\rust_mozprofileFWxWGl\\search.json.mozlz4", (void 0)))
1624306763646	Marionette	INFO	Listening on port 51190
1624306764133	Marionette	WARN	TLS certificate errors will be ignored for this session
1624306767130	Marionette	INFO	Stopped listening on port 51190
1624307149610	geckodriver	INFO	Listening on 127.0.0.1:51252
1624307152766	mozrunner::runner	INFO	Running command: "C:\\Program Files (x86)\\Mozilla Firefox\\firefox.exe" "--marionette" "-foreground" "-no-remote" "-profile" "C:\\Users\\admin\\AppData\\Local\\Temp\\rust_mozprofileWm7ktN"
1624307153433	Marionette	INFO	Marionette enabled
console.warn: SearchSettings: "get: No settings file exists, new profile?" (new NotFoundError("Could not open the file at C:\\Users\\admin\\AppData\\Local\\Temp\\rust_mozprofileWm7ktN\\search.json.mozlz4", (void 0)))
1624307155525	Marionette	INFO	Listening on port 51260
1624307155956	Marionette	WARN	TLS certificate errors will be ignored for this session
1624307158694	Marionette	INFO	Stopped listening on port 51260

###!!! [Child][RunMessage] Error: Channel closing: too late to send/recv, messages will be lost

1624307987269	geckodriver	INFO	Listening on 127.0.0.1:51332
1624307990271	mozrunner::runner	INFO	Running command: "C:\\Program Files (x86)\\Mozilla Firefox\\firefox.exe" "--marionette" "-foreground" "-no-remote" "-profile" "C:\\Users\\admin\\AppData\\Local\\Temp\\rust_mozprofilecc88a0"
1624307990889	Marionette	INFO	Marionette enabled
console.warn: SearchSettings: "get: No settings file exists, new profile?" (new NotFoundError("Could not open the file at C:\\Users\\admin\\AppData\\Local\\Temp\\rust_mozprofilecc88a0\\search.json.mozlz4", (void 0)))
1624307993005	Marionette	INFO	Listening on port 51340
1624307993504	Marionette	WARN	TLS certificate errors will be ignored for this session
1624308051261	Marionette	INFO	Stopped listening on port 51340
